<?xml version="1.0" encoding="utf-8"?><testsuites name="pytest tests"><testsuite name="pytest" errors="0" failures="0" skipped="0" tests="7" time="2.845" timestamp="2026-06-03T02:08:05.432130+00:00" hostname="agent-env-8a734f91-45a9-4f74-8cf4-79f29515d70b"><testcase classname="backend.tests.test_access_code_management.TestAccessCodeManagement" name="test_admin_updates_staff_code_and_old_code_fails" time="0.683" /><testcase classname="backend.tests.test_access_code_management.TestAccessCodeManagement" name="test_admin_updates_viewer_code_and_old_code_fails" time="0.426" /><testcase classname="backend.tests.test_access_code_management.TestAccessCodeManagement" name="test_non_admin_cannot_change_access_codes" time="0.169" /><testcase classname="backend.tests.test_access_code_management.TestAccessCodeManagement" name="test_admin_cannot_change_admin_code_via_endpoint" time="0.211" /><testcase classname="backend.tests.test_access_code_management.TestAccessCodeManagement" name="test_audit_log_contains_access_code_update_entry" time="0.375" /><testcase classname="backend.tests.test_access_code_management.TestAccessCodeManagement" name="test_notification_center_includes_staff_security_notification" time="0.374" /><testcase classname="backend.tests.test_access_code_management.TestAccessCodeManagement" name="test_existing_staff_auth_and_public_flows_still_work" time="0.506" /></testsuite></testsuites>