<?xml version="1.0" encoding="utf-8"?><testsuites name="pytest tests"><testsuite name="pytest" errors="0" failures="0" skipped="0" tests="6" time="3.047" timestamp="2026-06-02T22:51:00.455134+00:00" hostname="agent-env-8a734f91-45a9-4f74-8cf4-79f29515d70b"><testcase classname="backend.tests.test_receptionist_api.TestReceptionistApi" name="test_business_profile_default_shape" time="0.249" /><testcase classname="backend.tests.test_receptionist_api.TestReceptionistApi" name="test_dashboard_response_and_no_objectid_serialization" time="0.144" /><testcase classname="backend.tests.test_receptionist_api.TestReceptionistApi" name="test_chat_message_returns_graceful_response" time="1.671" /><testcase classname="backend.tests.test_receptionist_api.TestReceptionistApi" name="test_appointment_slots_booking_and_unavailability" time="0.267" /><testcase classname="backend.tests.test_receptionist_api.TestReceptionistApi" name="test_lead_capture_and_dashboard_updates" time="0.258" /><testcase classname="backend.tests.test_receptionist_api.TestReceptionistApi" name="test_business_profile_update_persists_business_name_and_hours" time="0.267" /></testsuite></testsuites>