<?xml version="1.0" encoding="utf-8"?><testsuites name="pytest tests"><testsuite name="pytest" errors="0" failures="0" skipped="0" tests="10" time="6.198" timestamp="2026-06-02T23:13:13.357580+00:00" hostname="agent-env-8a734f91-45a9-4f74-8cf4-79f29515d70b"><testcase classname="backend.tests.test_staff_access_controls.TestStaffProtectedRoutes" name="test_protected_routes_reject_missing_token[/dashboard]" time="0.186" /><testcase classname="backend.tests.test_staff_access_controls.TestStaffProtectedRoutes" name="test_protected_routes_reject_missing_token[/leads]" time="0.124" /><testcase classname="backend.tests.test_staff_access_controls.TestStaffProtectedRoutes" name="test_protected_routes_reject_missing_token[/appointments]" time="0.102" /><testcase classname="backend.tests.test_staff_access_controls.TestStaffProtectedRoutes" name="test_protected_routes_reject_missing_token[/chat/sessions]" time="0.112" /><testcase classname="backend.tests.test_staff_access_controls.TestStaffProtectedRoutes" name="test_chat_messages_route_rejects_missing_token" time="2.612" /><testcase classname="backend.tests.test_staff_access_controls.TestRoleProtection" name="test_viewer_can_access_dashboard_but_not_leads" time="0.218" /><testcase classname="backend.tests.test_staff_access_controls.TestRoleProtection" name="test_staff_can_access_leads_but_not_edit_business_profile" time="0.230" /><testcase classname="backend.tests.test_staff_access_controls.TestRoleProtection" name="test_admin_can_edit_business_profile" time="0.392" /><testcase classname="backend.tests.test_staff_access_controls.TestPublicFlowsWithoutStaffToken" name="test_public_business_profile_and_chat_message" time="1.893" /><testcase classname="backend.tests.test_staff_access_controls.TestPublicFlowsWithoutStaffToken" name="test_public_appointment_and_lead_creation" time="0.232" /></testsuite></testsuites>