<?xml version="1.0" encoding="utf-8"?><testsuites name="pytest tests"><testsuite name="pytest" errors="0" failures="0" skipped="0" tests="43" time="18.100" timestamp="2026-06-02T23:38:11.757250+00:00" hostname="agent-env-8a734f91-45a9-4f74-8cf4-79f29515d70b"><testcase classname="backend.tests.test_auth_session_regression.TestAuthSessionRegression" name="test_staff_login_roles[FK-ADMIN-7X9Q2-admin-admin@frontkind.app]" time="0.244" /><testcase classname="backend.tests.test_auth_session_regression.TestAuthSessionRegression" name="test_staff_login_roles[FK-STAFF-4M8P1-staff-staff@frontkind.app]" time="0.114" /><testcase classname="backend.tests.test_auth_session_regression.TestAuthSessionRegression" name="test_staff_login_roles[FK-VIEW-6L3N5-viewer-viewer@frontkind.app]" time="0.112" /><testcase classname="backend.tests.test_auth_session_regression.TestAuthSessionRegression" name="test_auth_me_returns_current_staff_no_runtime_crash[FK-ADMIN-7X9Q2]" time="0.232" /><testcase classname="backend.tests.test_auth_session_regression.TestAuthSessionRegression" name="test_auth_me_returns_current_staff_no_runtime_crash[FK-STAFF-4M8P1]" time="0.157" /><testcase classname="backend.tests.test_auth_session_regression.TestAuthSessionRegression" name="test_auth_me_returns_current_staff_no_runtime_crash[FK-VIEW-6L3N5]" time="0.183" /><testcase classname="backend.tests.test_auth_session_regression.TestAuthSessionRegression" name="test_invalid_token_rejected_consistently" time="0.135" /><testcase classname="backend.tests.test_auth_session_regression.TestAuthSessionRegression" name="test_protected_endpoints_require_valid_staff_token[/dashboard]" time="0.131" /><testcase classname="backend.tests.test_auth_session_regression.TestAuthSessionRegression" name="test_protected_endpoints_require_valid_staff_token[/notifications]" time="0.108" /><testcase classname="backend.tests.test_auth_session_regression.TestAuthSessionRegression" name="test_protected_endpoints_require_valid_staff_token[/appointments]" time="0.110" /><testcase classname="backend.tests.test_auth_session_regression.TestAuthSessionRegression" name="test_logout_then_protected_call_with_same_token_is_still_well_formed" time="0.215" /><testcase classname="backend.tests.test_receptionist_api.TestReceptionistApi" name="test_business_profile_default_shape" time="0.112" /><testcase classname="backend.tests.test_receptionist_api.TestReceptionistApi" name="test_dashboard_response_and_no_objectid_serialization" time="0.169" /><testcase classname="backend.tests.test_receptionist_api.TestReceptionistApi" name="test_chat_message_returns_graceful_response" time="2.023" /><testcase classname="backend.tests.test_receptionist_api.TestReceptionistApi" name="test_dashboard_requires_staff_login" time="0.110" /><testcase classname="backend.tests.test_receptionist_api.TestReceptionistApi" name="test_staff_login_returns_role_token" time="0.101" /><testcase classname="backend.tests.test_receptionist_api.TestReceptionistApi" name="test_viewer_can_access_dashboard_not_leads" time="0.220" /><testcase classname="backend.tests.test_receptionist_api.TestReceptionistApi" name="test_staff_can_access_leads_not_profile_edit" time="0.274" /><testcase classname="backend.tests.test_receptionist_api.TestReceptionistApi" name="test_appointment_slots_have_availability" time="0.107" /><testcase classname="backend.tests.test_receptionist_api.TestReceptionistApi" name="test_booking_marks_slot_unavailable" time="0.227" /><testcase classname="backend.tests.test_receptionist_api.TestReceptionistApi" name="test_lead_capture_appears_in_list" time="0.291" /><testcase classname="backend.tests.test_receptionist_api.TestReceptionistApi" name="test_lead_capture_updates_dashboard" time="0.319" /><testcase classname="backend.tests.test_receptionist_api.TestReceptionistApi" name="test_business_profile_update_persists_business_name_and_hours" time="0.439" /><testcase classname="backend.tests.test_staff_access_controls.TestStaffProtectedRoutes" name="test_protected_routes_reject_missing_token[/dashboard]" time="0.098" /><testcase classname="backend.tests.test_staff_access_controls.TestStaffProtectedRoutes" name="test_protected_routes_reject_missing_token[/leads]" time="0.102" /><testcase classname="backend.tests.test_staff_access_controls.TestStaffProtectedRoutes" name="test_protected_routes_reject_missing_token[/appointments]" time="0.107" /><testcase classname="backend.tests.test_staff_access_controls.TestStaffProtectedRoutes" name="test_protected_routes_reject_missing_token[/chat/sessions]" time="0.110" /><testcase classname="backend.tests.test_staff_access_controls.TestStaffProtectedRoutes" name="test_chat_messages_route_rejects_missing_token" time="2.912" /><testcase classname="backend.tests.test_staff_access_controls.TestRoleProtection" name="test_viewer_can_access_dashboard_but_not_leads" time="0.206" /><testcase classname="backend.tests.test_staff_access_controls.TestRoleProtection" name="test_staff_can_access_leads_but_not_edit_business_profile" time="0.220" /><testcase classname="backend.tests.test_staff_access_controls.TestRoleProtection" name="test_admin_can_edit_business_profile" time="0.365" /><testcase classname="backend.tests.test_staff_access_controls.TestRoleProtection" name="test_staff_and_viewer_cannot_access_audit_logs" time="0.275" /><testcase classname="backend.tests.test_staff_access_controls.TestPublicFlowsWithoutStaffToken" name="test_public_business_profile_and_chat_message" time="1.848" /><testcase classname="backend.tests.test_staff_access_controls.TestPublicFlowsWithoutStaffToken" name="test_public_appointment_and_lead_creation" time="0.243" /><testcase classname="backend.tests.test_notifications_extraction_audit.TestNotificationsExtractionAudit" name="test_appointment_creates_in_app_notification" time="0.261" /><testcase classname="backend.tests.test_notifications_extraction_audit.TestNotificationsExtractionAudit" name="test_public_lead_creates_notification" time="0.327" /><testcase classname="backend.tests.test_notifications_extraction_audit.TestNotificationsExtractionAudit" name="test_chat_to_lead_suggestion_and_approval" time="2.699" /><testcase classname="backend.tests.test_notifications_extraction_audit.TestNotificationsExtractionAudit" name="test_notifications_can_be_marked_read" time="0.225" /><testcase classname="backend.tests.test_notifications_extraction_audit.TestNotificationsExtractionAudit" name="test_notification_filters_by_type_and_status" time="0.235" /><testcase classname="backend.tests.test_notifications_extraction_audit.TestNotificationsExtractionAudit" name="test_admin_can_view_audit_logs" time="0.150" /><testcase classname="backend.tests.test_notifications_extraction_audit.TestNotificationsExtractionAudit" name="test_admin_can_filter_and_export_audit_logs_csv" time="0.205" /><testcase classname="backend.tests.test_notifications_extraction_audit.TestNotificationsExtractionAudit" name="test_notification_mark_read_reduces_unread_count" time="0.272" /><testcase classname="backend.tests.test_notifications_extraction_audit.TestNotificationsExtractionAudit" name="test_audit_logs_capture_required_activity_categories" time="0.866" /></testsuite></testsuites>