<?xml version="1.0" encoding="utf-8"?><testsuites name="pytest tests"><testsuite name="pytest" errors="0" failures="0" skipped="0" tests="8" time="1.380" timestamp="2026-06-02T23:32:00.007531+00:00" hostname="agent-env-8a734f91-45a9-4f74-8cf4-79f29515d70b"><testcase classname="backend.tests.test_notification_audit_compliance.TestNotificationCompliance" name="test_notification_filters_type_and_status" time="0.358" /><testcase classname="backend.tests.test_notification_audit_compliance.TestNotificationCompliance" name="test_unread_count_is_staff_specific" time="0.205" /><testcase classname="backend.tests.test_notification_audit_compliance.TestNotificationCompliance" name="test_mark_read_persists_for_current_staff" time="0.215" /><testcase classname="backend.tests.test_notification_audit_compliance.TestAuditCompliance" name="test_admin_audit_filters_action_and_role" time="0.105" /><testcase classname="backend.tests.test_notification_audit_compliance.TestAuditCompliance" name="test_admin_can_export_filtered_audit_csv" time="0.111" /><testcase classname="backend.tests.test_notification_audit_compliance.TestAuditCompliance" name="test_non_admin_cannot_export_audit_csv[staff]" time="0.094" /><testcase classname="backend.tests.test_notification_audit_compliance.TestAuditCompliance" name="test_non_admin_cannot_export_audit_csv[viewer]" time="0.102" /><testcase classname="backend.tests.test_notification_audit_compliance.TestAuthAndProtectedInboxSmoke" name="test_staff_login_and_dashboard_access" time="0.106" /></testsuite></testsuites>