<?xml version="1.0" encoding="utf-8"?><testsuites name="pytest tests"><testsuite name="pytest" errors="0" failures="0" skipped="0" tests="7" time="15.714" timestamp="2026-06-02T23:26:15.863072+00:00" hostname="agent-env-8a734f91-45a9-4f74-8cf4-79f29515d70b"><testcase classname="backend.tests.test_notifications_extraction_audit.TestNotificationsExtractionAudit" name="test_appointment_creates_in_app_notification" time="0.347" /><testcase classname="backend.tests.test_notifications_extraction_audit.TestNotificationsExtractionAudit" name="test_public_lead_creates_notification" time="0.294" /><testcase classname="backend.tests.test_notifications_extraction_audit.TestNotificationsExtractionAudit" name="test_chat_to_lead_suggestion_and_approval" time="2.096" /><testcase classname="backend.tests.test_notifications_extraction_audit.TestNotificationsExtractionAudit" name="test_notifications_can_be_marked_read" time="0.235" /><testcase classname="backend.tests.test_notifications_extraction_audit.TestNotificationsExtractionAudit" name="test_admin_can_view_audit_logs" time="11.436" /><testcase classname="backend.tests.test_notifications_extraction_audit.TestNotificationsExtractionAudit" name="test_notification_mark_read_reduces_unread_count" time="0.305" /><testcase classname="backend.tests.test_notifications_extraction_audit.TestNotificationsExtractionAudit" name="test_audit_logs_capture_required_activity_categories" time="0.899" /></testsuite></testsuites>