<?xml version="1.0" encoding="utf-8"?><testsuites name="pytest tests"><testsuite name="pytest" errors="0" failures="0" skipped="0" tests="34" time="7.603" timestamp="2026-06-03T00:16:52.814513+00:00" hostname="agent-env-8a734f91-45a9-4f74-8cf4-79f29515d70b"><testcase classname="backend.tests.test_auth_session_regression.TestAuthSessionRegression" name="test_staff_login_roles[FK-ADMIN-7X9Q2-admin-admin@frontkind.app]" time="0.197" /><testcase classname="backend.tests.test_auth_session_regression.TestAuthSessionRegression" name="test_staff_login_roles[FK-STAFF-4M8P1-staff-staff@frontkind.app]" time="0.106" /><testcase classname="backend.tests.test_auth_session_regression.TestAuthSessionRegression" name="test_staff_login_roles[FK-VIEW-6L3N5-viewer-viewer@frontkind.app]" time="0.111" /><testcase classname="backend.tests.test_auth_session_regression.TestAuthSessionRegression" name="test_auth_me_returns_current_staff_no_runtime_crash[FK-ADMIN-7X9Q2]" time="0.180" /><testcase classname="backend.tests.test_auth_session_regression.TestAuthSessionRegression" name="test_auth_me_returns_current_staff_no_runtime_crash[FK-STAFF-4M8P1]" time="0.172" /><testcase classname="backend.tests.test_auth_session_regression.TestAuthSessionRegression" name="test_auth_me_returns_current_staff_no_runtime_crash[FK-VIEW-6L3N5]" time="0.251" /><testcase classname="backend.tests.test_auth_session_regression.TestAuthSessionRegression" name="test_invalid_token_rejected_consistently" time="0.107" /><testcase classname="backend.tests.test_auth_session_regression.TestAuthSessionRegression" name="test_protected_endpoints_require_valid_staff_token[/dashboard]" time="0.107" /><testcase classname="backend.tests.test_auth_session_regression.TestAuthSessionRegression" name="test_protected_endpoints_require_valid_staff_token[/notifications]" time="0.133" /><testcase classname="backend.tests.test_auth_session_regression.TestAuthSessionRegression" name="test_protected_endpoints_require_valid_staff_token[/appointments]" time="0.102" /><testcase classname="backend.tests.test_auth_session_regression.TestAuthSessionRegression" name="test_logout_revokes_token_immediately" time="0.213" /><testcase classname="backend.tests.test_auth_session_regression.TestAuthSessionRegression" name="test_revoked_token_cannot_access_protected_route" time="0.193" /><testcase classname="backend.tests.test_auth_session_regression.TestAuthSessionRegression" name="test_relogin_after_logout_returns_new_working_token" time="0.303" /><testcase classname="backend.tests.test_notification_audit_compliance.TestNotificationCompliance" name="test_notification_filter_by_type" time="0.157" /><testcase classname="backend.tests.test_notification_audit_compliance.TestNotificationCompliance" name="test_notification_filter_by_unread_status" time="0.108" /><testcase classname="backend.tests.test_notification_audit_compliance.TestNotificationCompliance" name="test_unread_count_is_staff_specific" time="0.209" /><testcase classname="backend.tests.test_notification_audit_compliance.TestNotificationCompliance" name="test_mark_read_persists_for_current_staff" time="0.210" /><testcase classname="backend.tests.test_notification_audit_compliance.TestAuditCompliance" name="test_admin_audit_filters_action_and_role" time="0.115" /><testcase classname="backend.tests.test_notification_audit_compliance.TestAuditCompliance" name="test_admin_can_export_filtered_audit_csv" time="0.103" /><testcase classname="backend.tests.test_notification_audit_compliance.TestAuditCompliance" name="test_non_admin_cannot_export_audit_csv[staff]" time="0.099" /><testcase classname="backend.tests.test_notification_audit_compliance.TestAuditCompliance" name="test_non_admin_cannot_export_audit_csv[viewer]" time="0.098" /><testcase classname="backend.tests.test_notification_audit_compliance.TestAuthAndProtectedInboxSmoke" name="test_staff_login_and_dashboard_access" time="0.105" /><testcase classname="backend.tests.test_receptionist_api.TestReceptionistApi" name="test_business_profile_default_shape" time="0.102" /><testcase classname="backend.tests.test_receptionist_api.TestReceptionistApi" name="test_dashboard_response_and_no_objectid_serialization" time="0.161" /><testcase classname="backend.tests.test_receptionist_api.TestReceptionistApi" name="test_chat_message_returns_graceful_response" time="1.911" /><testcase classname="backend.tests.test_receptionist_api.TestReceptionistApi" name="test_dashboard_requires_staff_login" time="0.116" /><testcase classname="backend.tests.test_receptionist_api.TestReceptionistApi" name="test_staff_login_returns_role_token" time="0.104" /><testcase classname="backend.tests.test_receptionist_api.TestReceptionistApi" name="test_viewer_can_access_dashboard_not_leads" time="0.212" /><testcase classname="backend.tests.test_receptionist_api.TestReceptionistApi" name="test_staff_can_access_leads_not_profile_edit" time="0.213" /><testcase classname="backend.tests.test_receptionist_api.TestReceptionistApi" name="test_appointment_slots_have_availability" time="0.113" /><testcase classname="backend.tests.test_receptionist_api.TestReceptionistApi" name="test_booking_marks_slot_unavailable" time="0.226" /><testcase classname="backend.tests.test_receptionist_api.TestReceptionistApi" name="test_lead_capture_appears_in_list" time="0.223" /><testcase classname="backend.tests.test_receptionist_api.TestReceptionistApi" name="test_lead_capture_updates_dashboard" time="0.358" /><testcase classname="backend.tests.test_receptionist_api.TestReceptionistApi" name="test_business_profile_update_persists_business_name_and_hours" time="0.380" /></testsuite></testsuites>