<?xml version="1.0" encoding="utf-8"?><testsuites name="pytest tests"><testsuite name="pytest" errors="0" failures="0" skipped="0" tests="15" time="8.441" timestamp="2026-06-02T23:23:54.026105+00:00" hostname="agent-env-8a734f91-45a9-4f74-8cf4-79f29515d70b"><testcase classname="backend.tests.test_notifications_extraction_audit.TestNotificationsExtractionAudit" name="test_appointment_creates_in_app_notification" time="0.368" /><testcase classname="backend.tests.test_notifications_extraction_audit.TestNotificationsExtractionAudit" name="test_public_lead_creates_notification" time="0.212" /><testcase classname="backend.tests.test_notifications_extraction_audit.TestNotificationsExtractionAudit" name="test_chat_to_lead_suggestion_and_approval" time="2.335" /><testcase classname="backend.tests.test_notifications_extraction_audit.TestNotificationsExtractionAudit" name="test_notifications_can_be_marked_read" time="0.226" /><testcase classname="backend.tests.test_notifications_extraction_audit.TestNotificationsExtractionAudit" name="test_admin_can_view_audit_logs" time="0.196" /><testcase classname="backend.tests.test_staff_access_controls.TestStaffProtectedRoutes" name="test_protected_routes_reject_missing_token[/dashboard]" time="0.110" /><testcase classname="backend.tests.test_staff_access_controls.TestStaffProtectedRoutes" name="test_protected_routes_reject_missing_token[/leads]" time="0.139" /><testcase classname="backend.tests.test_staff_access_controls.TestStaffProtectedRoutes" name="test_protected_routes_reject_missing_token[/appointments]" time="0.116" /><testcase classname="backend.tests.test_staff_access_controls.TestStaffProtectedRoutes" name="test_protected_routes_reject_missing_token[/chat/sessions]" time="0.100" /><testcase classname="backend.tests.test_staff_access_controls.TestStaffProtectedRoutes" name="test_chat_messages_route_rejects_missing_token" time="1.822" /><testcase classname="backend.tests.test_staff_access_controls.TestRoleProtection" name="test_viewer_can_access_dashboard_but_not_leads" time="0.224" /><testcase classname="backend.tests.test_staff_access_controls.TestRoleProtection" name="test_staff_can_access_leads_but_not_edit_business_profile" time="0.207" /><testcase classname="backend.tests.test_staff_access_controls.TestRoleProtection" name="test_admin_can_edit_business_profile" time="0.371" /><testcase classname="backend.tests.test_staff_access_controls.TestPublicFlowsWithoutStaffToken" name="test_public_business_profile_and_chat_message" time="1.691" /><testcase classname="backend.tests.test_staff_access_controls.TestPublicFlowsWithoutStaffToken" name="test_public_appointment_and_lead_creation" time="0.233" /></testsuite></testsuites>