<?xml version="1.0" encoding="utf-8"?><testsuites name="pytest tests"><testsuite name="pytest" errors="0" failures="0" skipped="0" tests="43" time="12.955" timestamp="2026-06-03T00:04:40.565502+00:00" hostname="agent-env-8a734f91-45a9-4f74-8cf4-79f29515d70b"><testcase classname="backend.tests.test_receptionist_api.TestReceptionistApi" name="test_business_profile_default_shape" time="0.177" /><testcase classname="backend.tests.test_receptionist_api.TestReceptionistApi" name="test_dashboard_response_and_no_objectid_serialization" time="0.161" /><testcase classname="backend.tests.test_receptionist_api.TestReceptionistApi" name="test_chat_message_returns_graceful_response" time="1.928" /><testcase classname="backend.tests.test_receptionist_api.TestReceptionistApi" name="test_dashboard_requires_staff_login" time="0.103" /><testcase classname="backend.tests.test_receptionist_api.TestReceptionistApi" name="test_staff_login_returns_role_token" time="0.100" /><testcase classname="backend.tests.test_receptionist_api.TestReceptionistApi" name="test_viewer_can_access_dashboard_not_leads" time="0.217" /><testcase classname="backend.tests.test_receptionist_api.TestReceptionistApi" name="test_staff_can_access_leads_not_profile_edit" time="0.210" /><testcase classname="backend.tests.test_receptionist_api.TestReceptionistApi" name="test_appointment_slots_have_availability" time="0.104" /><testcase classname="backend.tests.test_receptionist_api.TestReceptionistApi" name="test_booking_marks_slot_unavailable" time="0.207" /><testcase classname="backend.tests.test_receptionist_api.TestReceptionistApi" name="test_lead_capture_appears_in_list" time="0.217" /><testcase classname="backend.tests.test_receptionist_api.TestReceptionistApi" name="test_lead_capture_updates_dashboard" time="0.304" /><testcase classname="backend.tests.test_receptionist_api.TestReceptionistApi" name="test_business_profile_update_persists_business_name_and_hours" time="0.346" /><testcase classname="backend.tests.test_staff_access_controls.TestStaffProtectedRoutes" name="test_protected_routes_reject_missing_token[/dashboard]" time="0.110" /><testcase classname="backend.tests.test_staff_access_controls.TestStaffProtectedRoutes" name="test_protected_routes_reject_missing_token[/leads]" time="0.095" /><testcase classname="backend.tests.test_staff_access_controls.TestStaffProtectedRoutes" name="test_protected_routes_reject_missing_token[/appointments]" time="0.113" /><testcase classname="backend.tests.test_staff_access_controls.TestStaffProtectedRoutes" name="test_protected_routes_reject_missing_token[/chat/sessions]" time="0.131" /><testcase classname="backend.tests.test_staff_access_controls.TestStaffProtectedRoutes" name="test_chat_messages_route_rejects_missing_token" time="2.275" /><testcase classname="backend.tests.test_staff_access_controls.TestRoleProtection" name="test_viewer_can_access_dashboard_but_not_leads" time="0.285" /><testcase classname="backend.tests.test_staff_access_controls.TestRoleProtection" name="test_staff_can_access_leads_but_not_edit_business_profile" time="0.217" /><testcase classname="backend.tests.test_staff_access_controls.TestRoleProtection" name="test_admin_can_edit_business_profile" time="0.309" /><testcase classname="backend.tests.test_staff_access_controls.TestRoleProtection" name="test_staff_and_viewer_cannot_access_audit_logs" time="0.270" /><testcase classname="backend.tests.test_staff_access_controls.TestPublicFlowsWithoutStaffToken" name="test_public_business_profile_and_chat_message" time="1.641" /><testcase classname="backend.tests.test_staff_access_controls.TestPublicFlowsWithoutStaffToken" name="test_public_appointment_and_lead_creation" time="0.260" /><testcase classname="backend.tests.test_auth_session_regression.TestAuthSessionRegression" name="test_staff_login_roles[FK-ADMIN-7X9Q2-admin-admin@frontkind.app]" time="0.097" /><testcase classname="backend.tests.test_auth_session_regression.TestAuthSessionRegression" name="test_staff_login_roles[FK-STAFF-4M8P1-staff-staff@frontkind.app]" time="0.104" /><testcase classname="backend.tests.test_auth_session_regression.TestAuthSessionRegression" name="test_staff_login_roles[FK-VIEW-6L3N5-viewer-viewer@frontkind.app]" time="0.115" /><testcase classname="backend.tests.test_auth_session_regression.TestAuthSessionRegression" name="test_auth_me_returns_current_staff_no_runtime_crash[FK-ADMIN-7X9Q2]" time="0.192" /><testcase classname="backend.tests.test_auth_session_regression.TestAuthSessionRegression" name="test_auth_me_returns_current_staff_no_runtime_crash[FK-STAFF-4M8P1]" time="0.181" /><testcase classname="backend.tests.test_auth_session_regression.TestAuthSessionRegression" name="test_auth_me_returns_current_staff_no_runtime_crash[FK-VIEW-6L3N5]" time="0.223" /><testcase classname="backend.tests.test_auth_session_regression.TestAuthSessionRegression" name="test_invalid_token_rejected_consistently" time="0.132" /><testcase classname="backend.tests.test_auth_session_regression.TestAuthSessionRegression" name="test_protected_endpoints_require_valid_staff_token[/dashboard]" time="0.112" /><testcase classname="backend.tests.test_auth_session_regression.TestAuthSessionRegression" name="test_protected_endpoints_require_valid_staff_token[/notifications]" time="0.102" /><testcase classname="backend.tests.test_auth_session_regression.TestAuthSessionRegression" name="test_protected_endpoints_require_valid_staff_token[/appointments]" time="0.101" /><testcase classname="backend.tests.test_auth_session_regression.TestAuthSessionRegression" name="test_logout_then_protected_call_with_same_token_is_still_well_formed" time="0.209" /><testcase classname="backend.tests.test_notification_audit_compliance.TestNotificationCompliance" name="test_notification_filter_by_type" time="0.183" /><testcase classname="backend.tests.test_notification_audit_compliance.TestNotificationCompliance" name="test_notification_filter_by_unread_status" time="0.124" /><testcase classname="backend.tests.test_notification_audit_compliance.TestNotificationCompliance" name="test_unread_count_is_staff_specific" time="0.274" /><testcase classname="backend.tests.test_notification_audit_compliance.TestNotificationCompliance" name="test_mark_read_persists_for_current_staff" time="0.259" /><testcase classname="backend.tests.test_notification_audit_compliance.TestAuditCompliance" name="test_admin_audit_filters_action_and_role" time="0.126" /><testcase classname="backend.tests.test_notification_audit_compliance.TestAuditCompliance" name="test_admin_can_export_filtered_audit_csv" time="0.126" /><testcase classname="backend.tests.test_notification_audit_compliance.TestAuditCompliance" name="test_non_admin_cannot_export_audit_csv[staff]" time="0.119" /><testcase classname="backend.tests.test_notification_audit_compliance.TestAuditCompliance" name="test_non_admin_cannot_export_audit_csv[viewer]" time="0.121" /><testcase classname="backend.tests.test_notification_audit_compliance.TestAuthAndProtectedInboxSmoke" name="test_staff_login_and_dashboard_access" time="0.125" /></testsuite></testsuites>