<?xml version="1.0" encoding="utf-8"?><testsuites name="pytest tests"><testsuite name="pytest" errors="0" failures="0" skipped="0" tests="13" time="2.339" timestamp="2026-06-03T00:10:21.318677+00:00" hostname="agent-env-8a734f91-45a9-4f74-8cf4-79f29515d70b"><testcase classname="backend.tests.test_auth_session_regression.TestAuthSessionRegression" name="test_staff_login_roles[FK-ADMIN-7X9Q2-admin-admin@frontkind.app]" time="0.253" /><testcase classname="backend.tests.test_auth_session_regression.TestAuthSessionRegression" name="test_staff_login_roles[FK-STAFF-4M8P1-staff-staff@frontkind.app]" time="0.113" /><testcase classname="backend.tests.test_auth_session_regression.TestAuthSessionRegression" name="test_staff_login_roles[FK-VIEW-6L3N5-viewer-viewer@frontkind.app]" time="0.125" /><testcase classname="backend.tests.test_auth_session_regression.TestAuthSessionRegression" name="test_auth_me_returns_current_staff_no_runtime_crash[FK-ADMIN-7X9Q2]" time="0.160" /><testcase classname="backend.tests.test_auth_session_regression.TestAuthSessionRegression" name="test_auth_me_returns_current_staff_no_runtime_crash[FK-STAFF-4M8P1]" time="0.159" /><testcase classname="backend.tests.test_auth_session_regression.TestAuthSessionRegression" name="test_auth_me_returns_current_staff_no_runtime_crash[FK-VIEW-6L3N5]" time="0.181" /><testcase classname="backend.tests.test_auth_session_regression.TestAuthSessionRegression" name="test_invalid_token_rejected_consistently" time="0.118" /><testcase classname="backend.tests.test_auth_session_regression.TestAuthSessionRegression" name="test_protected_endpoints_require_valid_staff_token[/dashboard]" time="0.105" /><testcase classname="backend.tests.test_auth_session_regression.TestAuthSessionRegression" name="test_protected_endpoints_require_valid_staff_token[/notifications]" time="0.120" /><testcase classname="backend.tests.test_auth_session_regression.TestAuthSessionRegression" name="test_protected_endpoints_require_valid_staff_token[/appointments]" time="0.111" /><testcase classname="backend.tests.test_auth_session_regression.TestAuthSessionRegression" name="test_logout_revokes_token_immediately" time="0.233" /><testcase classname="backend.tests.test_auth_session_regression.TestAuthSessionRegression" name="test_revoked_token_cannot_access_protected_route" time="0.227" /><testcase classname="backend.tests.test_auth_session_regression.TestAuthSessionRegression" name="test_relogin_after_logout_returns_new_working_token" time="0.296" /></testsuite></testsuites>