<?xml version="1.0" encoding="utf-8"?><testsuites name="pytest tests"><testsuite name="pytest" errors="0" failures="0" skipped="0" tests="20" time="2.795" timestamp="2026-06-02T23:54:55.211852+00:00" hostname="agent-env-8a734f91-45a9-4f74-8cf4-79f29515d70b"><testcase classname="backend.tests.test_auth_session_regression.TestAuthSessionRegression" name="test_staff_login_roles[FK-ADMIN-7X9Q2-admin-admin@frontkind.app]" time="0.135" /><testcase classname="backend.tests.test_auth_session_regression.TestAuthSessionRegression" name="test_staff_login_roles[FK-STAFF-4M8P1-staff-staff@frontkind.app]" time="0.106" /><testcase classname="backend.tests.test_auth_session_regression.TestAuthSessionRegression" name="test_staff_login_roles[FK-VIEW-6L3N5-viewer-viewer@frontkind.app]" time="0.144" /><testcase classname="backend.tests.test_auth_session_regression.TestAuthSessionRegression" name="test_auth_me_returns_current_staff_no_runtime_crash[FK-ADMIN-7X9Q2]" time="0.152" /><testcase classname="backend.tests.test_auth_session_regression.TestAuthSessionRegression" name="test_auth_me_returns_current_staff_no_runtime_crash[FK-STAFF-4M8P1]" time="0.162" /><testcase classname="backend.tests.test_auth_session_regression.TestAuthSessionRegression" name="test_auth_me_returns_current_staff_no_runtime_crash[FK-VIEW-6L3N5]" time="0.156" /><testcase classname="backend.tests.test_auth_session_regression.TestAuthSessionRegression" name="test_invalid_token_rejected_consistently" time="0.123" /><testcase classname="backend.tests.test_auth_session_regression.TestAuthSessionRegression" name="test_protected_endpoints_require_valid_staff_token[/dashboard]" time="0.108" /><testcase classname="backend.tests.test_auth_session_regression.TestAuthSessionRegression" name="test_protected_endpoints_require_valid_staff_token[/notifications]" time="0.099" /><testcase classname="backend.tests.test_auth_session_regression.TestAuthSessionRegression" name="test_protected_endpoints_require_valid_staff_token[/appointments]" time="0.114" /><testcase classname="backend.tests.test_auth_session_regression.TestAuthSessionRegression" name="test_logout_then_protected_call_with_same_token_is_still_well_formed" time="0.206" /><testcase classname="backend.tests.test_notification_audit_compliance.TestNotificationCompliance" name="test_notification_filter_by_type" time="0.158" /><testcase classname="backend.tests.test_notification_audit_compliance.TestNotificationCompliance" name="test_notification_filter_by_unread_status" time="0.102" /><testcase classname="backend.tests.test_notification_audit_compliance.TestNotificationCompliance" name="test_unread_count_is_staff_specific" time="0.202" /><testcase classname="backend.tests.test_notification_audit_compliance.TestNotificationCompliance" name="test_mark_read_persists_for_current_staff" time="0.206" /><testcase classname="backend.tests.test_notification_audit_compliance.TestAuditCompliance" name="test_admin_audit_filters_action_and_role" time="0.100" /><testcase classname="backend.tests.test_notification_audit_compliance.TestAuditCompliance" name="test_admin_can_export_filtered_audit_csv" time="0.103" /><testcase classname="backend.tests.test_notification_audit_compliance.TestAuditCompliance" name="test_non_admin_cannot_export_audit_csv[staff]" time="0.102" /><testcase classname="backend.tests.test_notification_audit_compliance.TestAuditCompliance" name="test_non_admin_cannot_export_audit_csv[viewer]" time="0.097" /><testcase classname="backend.tests.test_notification_audit_compliance.TestAuthAndProtectedInboxSmoke" name="test_staff_login_and_dashboard_access" time="0.100" /></testsuite></testsuites>