<?xml version="1.0" encoding="utf-8"?><testsuites name="pytest tests"><testsuite name="pytest" errors="0" failures="0" skipped="0" tests="3" time="2.366" timestamp="2026-06-03T00:10:59.209066+00:00" hostname="agent-env-8a734f91-45a9-4f74-8cf4-79f29515d70b"><testcase classname="backend.tests.test_receptionist_api.TestReceptionistApi" name="test_business_profile_default_shape" time="0.164" /><testcase classname="backend.tests.test_receptionist_api.TestReceptionistApi" name="test_chat_message_returns_graceful_response" time="2.008" /><testcase classname="backend.tests.test_receptionist_api.TestReceptionistApi" name="test_appointment_slots_have_availability" time="0.127" /></testsuite></testsuites>